Using pre-set license
Built from '2020.3/staging' branch; Version is '2020.3.0f1 (c7b5465681fb) revision 13088070'; Using compiler version '192528614'; Build Type 'Release'
OS: 'Windows 10 Home Single Language; OS build 19042.928; Version 2009; 64bit' Language: 'en' Physical Memory: 16155 MB
BatchMode: 1, IsHumanControllingUs: 0, StartBugReporterOnCrash: 0, Is64bit: 1, IsPro: 0

 COMMAND LINE ARGUMENTS:
C:\Program Files\Unity\Hub\Editor\2020.3.0f1\Editor\Unity.exe
-adb2
-batchMode
-noUpm
-name
AssetImportWorker0
-projectPath
C:/Users/SITARA DANIEL/Documents/Gamedev-Assignment/GameDevAssignment
-logFile
Logs/AssetImportWorker0.log
-srvPort
58889
Successfully changed project path to: C:/Users/SITARA DANIEL/Documents/Gamedev-Assignment/GameDevAssignment
C:/Users/SITARA DANIEL/Documents/Gamedev-Assignment/GameDevAssignment
Using Asset Import Pipeline V2.
Refreshing native plugins compatible for Editor in 32.51 ms, found 1 plugins.
Preloading 0 native plugins for Editor in 0.00 ms.
Initialize engine version: 2020.3.0f1 (c7b5465681fb)
[Subsystems] Discovering subsystems at path C:/Program Files/Unity/Hub/Editor/2020.3.0f1/Editor/Data/Resources/UnitySubsystems
[Subsystems] Discovering subsystems at path C:/Users/SITARA DANIEL/Documents/Gamedev-Assignment/GameDevAssignment/Assets
GfxDevice: creating device client; threaded=0
Direct3D:
    Version:  Direct3D 11.0 [level 11.1]
    Renderer: NVIDIA GeForce GTX 1650 Ti (ID=0x1f95)
    Vendor:   
    VRAM:     3962 MB
    Driver:   27.21.14.5763
Initialize mono
Mono path[0] = 'C:/Program Files/Unity/Hub/Editor/2020.3.0f1/Editor/Data/Managed'
Mono path[1] = 'C:/Program Files/Unity/Hub/Editor/2020.3.0f1/Editor/Data/MonoBleedingEdge/lib/mono/unityjit'
Mono config path = 'C:/Program Files/Unity/Hub/Editor/2020.3.0f1/Editor/Data/MonoBleedingEdge/etc'
Using monoOptions --debugger-agent=transport=dt_socket,embedding=1,server=y,suspend=n,address=127.0.0.1:56284
Begin MonoManager ReloadAssembly
Registering precompiled unity dll's ...
Register platform support module: C:/Program Files/Unity/Hub/Editor/2020.3.0f1/Editor/Data/PlaybackEngines/WebGLSupport/UnityEditor.WebGL.Extensions.dll
Register platform support module: C:/Program Files/Unity/Hub/Editor/2020.3.0f1/Editor/Data/PlaybackEngines/WindowsStandaloneSupport/UnityEditor.WindowsStandalone.Extensions.dll
Registered in 0.002282 seconds.
Native extension for WindowsStandalone target not found
Native extension for WebGL target not found
Refreshing native plugins compatible for Editor in 33.59 ms, found 1 plugins.
Preloading 0 native plugins for Editor in 0.00 ms.
Invoked RoslynAnalysisRunner static constructor.
RoslynAnalysisRunner will not be running.
RoslynAnalysisRunner has terminated.
Mono: successfully reloaded assembly
- Completed reload, in  1.008 seconds
Platform modules already initialized, skipping
Registering precompiled user dll's ...
Registered in 0.000831 seconds.
Begin MonoManager ReloadAssembly
Native extension for WindowsStandalone target not found
Native extension for WebGL target not found
Refreshing native plugins compatible for Editor in 33.14 ms, found 1 plugins.
Preloading 0 native plugins for Editor in 0.00 ms.
Invoked RoslynAnalysisRunner static constructor.
RoslynAnalysisRunner will not be running.
RoslynAnalysisRunner has terminated.
Mono: successfully reloaded assembly
- Completed reload, in  0.755 seconds
Platform modules already initialized, skipping
========================================================================
Worker process is ready to serve import requests
Launched and connected shader compiler UnityShaderCompiler.exe after 0.03 seconds
Refreshing native plugins compatible for Editor in 0.30 ms, found 1 plugins.
Preloading 0 native plugins for Editor in 0.00 ms.
Unloading 1817 Unused Serialized files (Serialized files now loaded: 0)
System memory in use before: 84.8 MB.
System memory in use after: 84.8 MB.

Unloading 19 unused Assets to reduce memory usage. Loaded Objects now: 2264.
Total: 1.819300 ms (FindLiveObjects: 0.163000 ms CreateObjectMapping: 0.066700 ms MarkObjects: 1.532900 ms  DeleteObjects: 0.055600 ms)

========================================================================
Received Import Request.
  path: Assets/Art/Player/Player1.1.png
  artifactKey: Guid(2c299583c6c635e4d9d06db6e610347b) Importer(815301076,1909f56bfc062723c751e8b465ee728b)
Start importing Assets/Art/Player/Player1.1.png using Guid(2c299583c6c635e4d9d06db6e610347b) Importer(815301076,1909f56bfc062723c751e8b465ee728b)  -> (artifact id: '28cb2b7c06baf4937cbc7a63dca19c2a') in 0.092614 seconds
  Import took 0.095048 seconds .

========================================================================
Received Import Request.
  Time since last request: 0.000226 seconds.
  path: Assets/Art/Player/Player1.png
  artifactKey: Guid(7d2e3ba047f59f34eafb4ee1f49e8c48) Importer(815301076,1909f56bfc062723c751e8b465ee728b)
Start importing Assets/Art/Player/Player1.png using Guid(7d2e3ba047f59f34eafb4ee1f49e8c48) Importer(815301076,1909f56bfc062723c751e8b465ee728b)  -> (artifact id: 'c8f2088f8c63bd9f52b2242090ceddd2') in 0.028009 seconds
  Import took 0.030524 seconds .

========================================================================
Received Import Request.
  Time since last request: 31.811433 seconds.
  path: Assets/Art/Player/Player2.png
  artifactKey: Guid(c9b2964985a02fe4eb757cfcbc924adc) Importer(815301076,1909f56bfc062723c751e8b465ee728b)
Start importing Assets/Art/Player/Player2.png using Guid(c9b2964985a02fe4eb757cfcbc924adc) Importer(815301076,1909f56bfc062723c751e8b465ee728b)  -> (artifact id: '789e7f19db47dbe891884b25f35b4c9e') in 0.065244 seconds
  Import took 0.067825 seconds .

========================================================================
Received Import Request.
  Time since last request: 0.814268 seconds.
  path: Assets/Art/Objects/Grass.png
  artifactKey: Guid(df1ed8725c7c9674a9a12486cc8e7500) Importer(815301076,1909f56bfc062723c751e8b465ee728b)
Start importing Assets/Art/Objects/Grass.png using Guid(df1ed8725c7c9674a9a12486cc8e7500) Importer(815301076,1909f56bfc062723c751e8b465ee728b)  -> (artifact id: 'd1244b16ac1ff060ba95591bf6b0b4f5') in 0.008055 seconds
  Import took 0.011270 seconds .

========================================================================
Received Import Request.
  Time since last request: 0.000187 seconds.
  path: Assets/Art/Objects/Fire4.png
  artifactKey: Guid(0efa38708edc5354b8071e0e84402d21) Importer(815301076,1909f56bfc062723c751e8b465ee728b)
Start importing Assets/Art/Objects/Fire4.png using Guid(0efa38708edc5354b8071e0e84402d21) Importer(815301076,1909f56bfc062723c751e8b465ee728b)  -> (artifact id: '6187c27885d3e6b11dc0b1ad0fd76df7') in 0.008700 seconds
  Import took 0.011158 seconds .

========================================================================
Received Import Request.
  Time since last request: 0.000211 seconds.
  path: Assets/Art/Objects/Spike.png
  artifactKey: Guid(49c37be344cf68d4290242cd1a0b71be) Importer(815301076,1909f56bfc062723c751e8b465ee728b)
Start importing Assets/Art/Objects/Spike.png using Guid(49c37be344cf68d4290242cd1a0b71be) Importer(815301076,1909f56bfc062723c751e8b465ee728b)  -> (artifact id: '74e03a85908eef58f1a90eb9d6a7336e') in 0.011502 seconds
  Import took 0.014285 seconds .

========================================================================
Received Import Request.
  Time since last request: 0.000155 seconds.
  path: Assets/Art/Objects/Shrub.png
  artifactKey: Guid(2684edcf2c2be4d42969259a36406b74) Importer(815301076,1909f56bfc062723c751e8b465ee728b)
Start importing Assets/Art/Objects/Shrub.png using Guid(2684edcf2c2be4d42969259a36406b74) Importer(815301076,1909f56bfc062723c751e8b465ee728b)  -> (artifact id: '4a71c922a1c268368de7d7382c333fbc') in 0.007338 seconds
  Import took 0.009788 seconds .

========================================================================
Received Import Request.
  Time since last request: 0.000389 seconds.
  path: Assets/Art/Objects/Fire3.png
  artifactKey: Guid(df3a688d15a2ccc418cdc9d8f89caaf2) Importer(815301076,1909f56bfc062723c751e8b465ee728b)
Start importing Assets/Art/Objects/Fire3.png using Guid(df3a688d15a2ccc418cdc9d8f89caaf2) Importer(815301076,1909f56bfc062723c751e8b465ee728b)  -> (artifact id: '5cbfbefada210c57f5d0734e407473f4') in 0.007646 seconds
  Import took 0.010060 seconds .

========================================================================
Received Import Request.
  Time since last request: 0.000131 seconds.
  path: Assets/Art/Objects/Fire2.png
  artifactKey: Guid(0ac80275be0d2344ebbf52a6f4e159dd) Importer(815301076,1909f56bfc062723c751e8b465ee728b)
Start importing Assets/Art/Objects/Fire2.png using Guid(0ac80275be0d2344ebbf52a6f4e159dd) Importer(815301076,1909f56bfc062723c751e8b465ee728b)  -> (artifact id: 'd9003f349f9dec08a9f4db80b37bdbde') in 0.009107 seconds
  Import took 0.011616 seconds .

========================================================================
Received Import Request.
  Time since last request: 0.000201 seconds.
  path: Assets/Art/Objects/Fire1.png
  artifactKey: Guid(ab18ebf9ca96cc044b226e4e7d148a15) Importer(815301076,1909f56bfc062723c751e8b465ee728b)
Start importing Assets/Art/Objects/Fire1.png using Guid(ab18ebf9ca96cc044b226e4e7d148a15) Importer(815301076,1909f56bfc062723c751e8b465ee728b)  -> (artifact id: '0485eb12f219c2b8f06d16adc37f3740') in 0.008176 seconds
  Import took 0.010699 seconds .

========================================================================
Received Import Request.
  Time since last request: 0.000204 seconds.
  path: Assets/Art/Menus/Cherryblossoms.png
  artifactKey: Guid(4a627c48d5dfbbf49a368fa5bb15decb) Importer(815301076,1909f56bfc062723c751e8b465ee728b)
Start importing Assets/Art/Menus/Cherryblossoms.png using Guid(4a627c48d5dfbbf49a368fa5bb15decb) Importer(815301076,1909f56bfc062723c751e8b465ee728b)  -> (artifact id: '62c2d90d580cf02c0ad9b790ca15d147') in 0.007066 seconds
  Import took 0.009350 seconds .

========================================================================
Received Import Request.
  Time since last request: 0.000182 seconds.
  path: Assets/Art/Objects/Brick.png
  artifactKey: Guid(750c751483166ac4397ec1971583ad80) Importer(815301076,1909f56bfc062723c751e8b465ee728b)
Start importing Assets/Art/Objects/Brick.png using Guid(750c751483166ac4397ec1971583ad80) Importer(815301076,1909f56bfc062723c751e8b465ee728b)  -> (artifact id: 'e5aa68b620fb02d466e204053bd94ac0') in 0.007791 seconds
  Import took 0.010278 seconds .

========================================================================
Received Import Request.
  Time since last request: 0.000166 seconds.
  path: Assets/Art/Menus/Electric Violet.png
  artifactKey: Guid(1983ebee96ab83341a62194ffba51900) Importer(815301076,1909f56bfc062723c751e8b465ee728b)
Start importing Assets/Art/Menus/Electric Violet.png using Guid(1983ebee96ab83341a62194ffba51900) Importer(815301076,1909f56bfc062723c751e8b465ee728b)  -> (artifact id: 'e8160422d8da1281b1a6e963164fae99') in 0.006979 seconds
  Import took 0.009805 seconds .

========================================================================
Received Import Request.
  Time since last request: 0.000215 seconds.
  path: Assets/Art/Objects/Fountain.png
  artifactKey: Guid(95b4b68abb4c78440adb789672d2f05c) Importer(815301076,1909f56bfc062723c751e8b465ee728b)
Start importing Assets/Art/Objects/Fountain.png using Guid(95b4b68abb4c78440adb789672d2f05c) Importer(815301076,1909f56bfc062723c751e8b465ee728b)  -> (artifact id: '5bdbfb9ff187d5dbfc9c0bf03d710cf7') in 0.009403 seconds
  Import took 0.012035 seconds .

========================================================================
Received Import Request.
  Time since last request: 26.861953 seconds.
  path: Assets/Art/Menus/PottaOne-Regular.ttf
  artifactKey: Guid(52919ad6325abe14288c95aad6afb8dc) Importer(815301076,1909f56bfc062723c751e8b465ee728b)
Start importing Assets/Art/Menus/PottaOne-Regular.ttf using Guid(52919ad6325abe14288c95aad6afb8dc) Importer(815301076,1909f56bfc062723c751e8b465ee728b)  -> (artifact id: '6cf4cf57e127dbcd11a984810b818238') in 0.044971 seconds
  Import took 0.047495 seconds .

========================================================================
Received Import Request.
  Time since last request: 48.362971 seconds.
  path: Assets/Scenes/Tutorial.unity
  artifactKey: Guid(dde7a6fb904f68841858ae50acf528d6) Importer(815301076,1909f56bfc062723c751e8b465ee728b)
Start importing Assets/Scenes/Tutorial.unity using Guid(dde7a6fb904f68841858ae50acf528d6) Importer(815301076,1909f56bfc062723c751e8b465ee728b)  -> (artifact id: 'e8829caf07ee2d10875137b96532ec95') in 0.003190 seconds
  Import took 0.006330 seconds .

========================================================================
Received Import Request.
  Time since last request: 0.002515 seconds.
  path: Assets/Scenes/Tutorial.unity
  artifactKey: Guid(dde7a6fb904f68841858ae50acf528d6) Importer(815301076,1909f56bfc062723c751e8b465ee728b)
Start importing Assets/Scenes/Tutorial.unity using Guid(dde7a6fb904f68841858ae50acf528d6) Importer(815301076,1909f56bfc062723c751e8b465ee728b)  -> (artifact id: 'e8829caf07ee2d10875137b96532ec95') in 0.002036 seconds
  Import took 0.004509 seconds .

========================================================================
Received Import Request.
  Time since last request: 4.082991 seconds.
  path: Assets/Scenes/Testing2.unity
  artifactKey: Guid(f339f17316b769548a1556e0e7e3ddd5) Importer(815301076,1909f56bfc062723c751e8b465ee728b)
Start importing Assets/Scenes/Testing2.unity using Guid(f339f17316b769548a1556e0e7e3ddd5) Importer(815301076,1909f56bfc062723c751e8b465ee728b)  -> (artifact id: '790bbad9189585c2e61f9b864b6a3aa9') in 0.003176 seconds
  Import took 0.006557 seconds .

========================================================================
Received Import Request.
  Time since last request: 24.404268 seconds.
  path: Assets/Scripts/Test_Fail.cs
  artifactKey: Guid(4f1085a55e76e43409c6c4cda1ea77ae) Importer(815301076,1909f56bfc062723c751e8b465ee728b)
Start importing Assets/Scripts/Test_Fail.cs using Guid(4f1085a55e76e43409c6c4cda1ea77ae) Importer(815301076,1909f56bfc062723c751e8b465ee728b)  -> (artifact id: '56ac19953ac40f98d40d61bc2c97cde7') in 0.007245 seconds
  Import took 0.011742 seconds .

========================================================================
Received Import Request.
  Time since last request: 0.003257 seconds.
  path: Assets/Scripts/Test_Fail.cs
  artifactKey: Guid(4f1085a55e76e43409c6c4cda1ea77ae) Importer(815301076,1909f56bfc062723c751e8b465ee728b)
Start importing Assets/Scripts/Test_Fail.cs using Guid(4f1085a55e76e43409c6c4cda1ea77ae) Importer(815301076,1909f56bfc062723c751e8b465ee728b)  -> (artifact id: '56ac19953ac40f98d40d61bc2c97cde7') in 0.003035 seconds
  Import took 0.007500 seconds .

========================================================================
Received Import Request.
  Time since last request: 2.624500 seconds.
  path: Assets/Scripts
  artifactKey: Guid(3a16cd5494ab6b84ebf795f5f39e75b1) Importer(815301076,1909f56bfc062723c751e8b465ee728b)
Start importing Assets/Scripts using Guid(3a16cd5494ab6b84ebf795f5f39e75b1) Importer(815301076,1909f56bfc062723c751e8b465ee728b)  -> (artifact id: 'dadb33a23ecee0e2f5e8b4a11c3a0663') in 0.003098 seconds
  Import took 0.006165 seconds .

========================================================================
Received Import Request.
  Time since last request: 6.910104 seconds.
  path: Assets/Scripts/Testing
  artifactKey: Guid(566ef722b8f4c384e88a9c4ddf64bc6c) Importer(815301076,1909f56bfc062723c751e8b465ee728b)
Start importing Assets/Scripts/Testing using Guid(566ef722b8f4c384e88a9c4ddf64bc6c) Importer(815301076,1909f56bfc062723c751e8b465ee728b)  -> (artifact id: '1a32d3e40db805ac022f027f1d708c31') in 0.002029 seconds
  Import took 0.005467 seconds .

========================================================================
Received Import Request.
  Time since last request: 7.507749 seconds.
  path: Assets/Scripts/Test_PlayerContr.cs
  artifactKey: Guid(ded283da2ef9385488bcb25b518b38e8) Importer(815301076,1909f56bfc062723c751e8b465ee728b)
Start importing Assets/Scripts/Test_PlayerContr.cs using Guid(ded283da2ef9385488bcb25b518b38e8) Importer(815301076,1909f56bfc062723c751e8b465ee728b)  -> (artifact id: '3b553a8dbb67f89614928d45353c7948') in 0.002389 seconds
  Import took 0.005142 seconds .

========================================================================
Received Import Request.
  Time since last request: 0.001389 seconds.
  path: Assets/Scripts/Test_PlayerContr.cs
  artifactKey: Guid(ded283da2ef9385488bcb25b518b38e8) Importer(815301076,1909f56bfc062723c751e8b465ee728b)
Start importing Assets/Scripts/Test_PlayerContr.cs using Guid(ded283da2ef9385488bcb25b518b38e8) Importer(815301076,1909f56bfc062723c751e8b465ee728b)  -> (artifact id: '3b553a8dbb67f89614928d45353c7948') in 0.002281 seconds
  Import took 0.004915 seconds .

========================================================================
Received Import Request.
  Time since last request: 2.184349 seconds.
  path: Assets/Scripts/Test_Win.cs
  artifactKey: Guid(bd3585235788be84caecaf559d9be6cf) Importer(815301076,1909f56bfc062723c751e8b465ee728b)
Start importing Assets/Scripts/Test_Win.cs using Guid(bd3585235788be84caecaf559d9be6cf) Importer(815301076,1909f56bfc062723c751e8b465ee728b)  -> (artifact id: 'e44e3f7aecf111ed560c6b40c413a031') in 0.003478 seconds
  Import took 0.007357 seconds .

========================================================================
Received Import Request.
  Time since last request: 0.004796 seconds.
  path: Assets/Scripts/Test_Win.cs
  artifactKey: Guid(bd3585235788be84caecaf559d9be6cf) Importer(815301076,1909f56bfc062723c751e8b465ee728b)
Start importing Assets/Scripts/Test_Win.cs using Guid(bd3585235788be84caecaf559d9be6cf) Importer(815301076,1909f56bfc062723c751e8b465ee728b)  -> (artifact id: 'e44e3f7aecf111ed560c6b40c413a031') in 0.002365 seconds
  Import took 0.005552 seconds .

========================================================================
Received Prepare
Registering precompiled user dll's ...
Registered in 0.001347 seconds.
Begin MonoManager ReloadAssembly
Native extension for WindowsStandalone target not found
Native extension for WebGL target not found
Refreshing native plugins compatible for Editor in 0.29 ms, found 1 plugins.
Preloading 0 native plugins for Editor in 0.00 ms.
Invoked RoslynAnalysisRunner static constructor.
RoslynAnalysisRunner will not be running.
RoslynAnalysisRunner has terminated.
Mono: successfully reloaded assembly
- Completed reload, in  0.725 seconds
Platform modules already initialized, skipping
Refreshing native plugins compatible for Editor in 0.31 ms, found 1 plugins.
Preloading 0 native plugins for Editor in 0.00 ms.
Unloading 1820 Unused Serialized files (Serialized files now loaded: 0)
System memory in use before: 89.7 MB.
System memory in use after: 89.2 MB.

Unloading 20 unused Assets to reduce memory usage. Loaded Objects now: 2366.
Total: 1.963300 ms (FindLiveObjects: 0.225100 ms CreateObjectMapping: 0.069500 ms MarkObjects: 1.427700 ms  DeleteObjects: 0.240400 ms)

========================================================================
Received Import Request.
  Time since last request: 8.511065 seconds.
  path: Assets/Scenes/Testing1.unity
  artifactKey: Guid(774fad249ca22604faca9ae9ebdadca9) Importer(815301076,1909f56bfc062723c751e8b465ee728b)
Start importing Assets/Scenes/Testing1.unity using Guid(774fad249ca22604faca9ae9ebdadca9) Importer(815301076,1909f56bfc062723c751e8b465ee728b)  -> (artifact id: '644032fadb9494d02fa93026431e7c3d') in 0.009639 seconds
  Import took 0.012788 seconds .

========================================================================
Received Import Request.
  Time since last request: 4.757739 seconds.
  path: Assets/Scenes/MainMenuSettings.lighting
  artifactKey: Guid(85dadb9555076f04b90cf75ad2733f6c) Importer(815301076,1909f56bfc062723c751e8b465ee728b)
Start importing Assets/Scenes/MainMenuSettings.lighting using Guid(85dadb9555076f04b90cf75ad2733f6c) Importer(815301076,1909f56bfc062723c751e8b465ee728b)  -> (artifact id: 'b9a2c45c7c0b9731b3967cf87473b7f7') in 0.005841 seconds
  Import took 0.008318 seconds .

========================================================================
Received Import Request.
  Time since last request: 0.022352 seconds.
  path: Assets/Scenes/MainMenuSettings.lighting
  artifactKey: Guid(85dadb9555076f04b90cf75ad2733f6c) Importer(815301076,1909f56bfc062723c751e8b465ee728b)
Start importing Assets/Scenes/MainMenuSettings.lighting using Guid(85dadb9555076f04b90cf75ad2733f6c) Importer(815301076,1909f56bfc062723c751e8b465ee728b)  -> (artifact id: 'b9a2c45c7c0b9731b3967cf87473b7f7') in 0.002356 seconds
  Import took 0.004562 seconds .

========================================================================
Received Import Request.
  Time since last request: 73.523756 seconds.
  path: Assets/Art/Menus/TextMesh Pro/Fonts/LiberationSans.ttf
  artifactKey: Guid(e3265ab4bf004d28a9537516768c1c75) Importer(815301076,1909f56bfc062723c751e8b465ee728b)
Start importing Assets/Art/Menus/TextMesh Pro/Fonts/LiberationSans.ttf using Guid(e3265ab4bf004d28a9537516768c1c75) Importer(815301076,1909f56bfc062723c751e8b465ee728b)  -> (artifact id: '854ad3a8d64970eaf6ec8dfec26b0aad') in 0.047767 seconds
  Import took 0.050290 seconds .

========================================================================
Received Import Request.
  Time since last request: 0.000157 seconds.
  path: Assets/Art/Menus/WorkSans-Medium.ttf
  artifactKey: Guid(39bcfe4788cbe6446a92eea95d9c774b) Importer(815301076,1909f56bfc062723c751e8b465ee728b)
Start importing Assets/Art/Menus/WorkSans-Medium.ttf using Guid(39bcfe4788cbe6446a92eea95d9c774b) Importer(815301076,1909f56bfc062723c751e8b465ee728b)  -> (artifact id: '57dab7a1bee828e6aa7b47396d047284') in 0.015399 seconds
  Import took 0.018167 seconds .

========================================================================
Received Import Request.
  Time since last request: 0.000125 seconds.
  path: Assets/Art/Menus/TextMesh Pro/Fonts/LiberationSans.ttf
  artifactKey: Guid(e3265ab4bf004d28a9537516768c1c75) Importer(815301076,1909f56bfc062723c751e8b465ee728b)
Start importing Assets/Art/Menus/TextMesh Pro/Fonts/LiberationSans.ttf using Guid(e3265ab4bf004d28a9537516768c1c75) Importer(815301076,1909f56bfc062723c751e8b465ee728b)  -> (artifact id: '854ad3a8d64970eaf6ec8dfec26b0aad') in 0.010502 seconds
  Import took 0.013232 seconds .

========================================================================
Received Import Request.
  Time since last request: 0.000176 seconds.
  path: Assets/Art/Menus/WorkSans-Medium.ttf
  artifactKey: Guid(39bcfe4788cbe6446a92eea95d9c774b) Importer(815301076,1909f56bfc062723c751e8b465ee728b)
Start importing Assets/Art/Menus/WorkSans-Medium.ttf using Guid(39bcfe4788cbe6446a92eea95d9c774b) Importer(815301076,1909f56bfc062723c751e8b465ee728b)  -> (artifact id: '57dab7a1bee828e6aa7b47396d047284') in 0.018795 seconds
  Import took 0.021399 seconds .

========================================================================
Received Prepare
Registering precompiled user dll's ...
Registered in 0.000878 seconds.
Begin MonoManager ReloadAssembly
Native extension for WindowsStandalone target not found
Native extension for WebGL target not found
Refreshing native plugins compatible for Editor in 0.42 ms, found 1 plugins.
Preloading 0 native plugins for Editor in 0.00 ms.
Invoked RoslynAnalysisRunner static constructor.
RoslynAnalysisRunner will not be running.
RoslynAnalysisRunner has terminated.
Mono: successfully reloaded assembly
- Completed reload, in  0.691 seconds
Platform modules already initialized, skipping
Refreshing native plugins compatible for Editor in 0.33 ms, found 1 plugins.
Preloading 0 native plugins for Editor in 0.00 ms.
Unloading 1820 Unused Serialized files (Serialized files now loaded: 0)
System memory in use before: 89.7 MB.
System memory in use after: 89.3 MB.

Unloading 20 unused Assets to reduce memory usage. Loaded Objects now: 2372.
Total: 2.011400 ms (FindLiveObjects: 0.264500 ms CreateObjectMapping: 0.089800 ms MarkObjects: 1.374800 ms  DeleteObjects: 0.281500 ms)

========================================================================
Received Import Request.
  Time since last request: 678.186830 seconds.
  path: Assets/Scenes/MainMenu.unity
  artifactKey: Guid(af91bb7fe955dde48b75f8204f2bba38) Importer(815301076,1909f56bfc062723c751e8b465ee728b)
Start importing Assets/Scenes/MainMenu.unity using Guid(af91bb7fe955dde48b75f8204f2bba38) Importer(815301076,1909f56bfc062723c751e8b465ee728b)  -> (artifact id: '42dabbb47020fc637aee87d1ff12e8a0') in 0.010728 seconds
  Import took 0.014005 seconds .

========================================================================
Received Import Request.
  Time since last request: 184.955250 seconds.
  path: Assets/Prefabs/Objects/StartButton.prefab
  artifactKey: Guid(beb10fb53af898f458c5b7a329c55e38) Importer(815301076,1909f56bfc062723c751e8b465ee728b)
Start importing Assets/Prefabs/Objects/StartButton.prefab using Guid(beb10fb53af898f458c5b7a329c55e38) Importer(815301076,1909f56bfc062723c751e8b465ee728b)  -> (artifact id: 'bceb76fe115283a91434ad74eff03f6a') in 0.052809 seconds
  Import took 0.055471 seconds .

========================================================================
Received Prepare
Registering precompiled user dll's ...
Registered in 0.000945 seconds.
Begin MonoManager ReloadAssembly
Native extension for WindowsStandalone target not found
Native extension for WebGL target not found
Refreshing native plugins compatible for Editor in 0.30 ms, found 1 plugins.
Preloading 0 native plugins for Editor in 0.00 ms.
Invoked RoslynAnalysisRunner static constructor.
RoslynAnalysisRunner will not be running.
RoslynAnalysisRunner has terminated.
Mono: successfully reloaded assembly
- Completed reload, in  0.695 seconds
Platform modules already initialized, skipping
Refreshing native plugins compatible for Editor in 0.30 ms, found 1 plugins.
Preloading 0 native plugins for Editor in 0.00 ms.
Unloading 1820 Unused Serialized files (Serialized files now loaded: 0)
System memory in use before: 89.8 MB.
System memory in use after: 89.3 MB.

Unloading 20 unused Assets to reduce memory usage. Loaded Objects now: 2376.
Total: 2.314600 ms (FindLiveObjects: 0.292900 ms CreateObjectMapping: 0.119900 ms MarkObjects: 1.589200 ms  DeleteObjects: 0.311800 ms)

========================================================================
Received Prepare
Registering precompiled user dll's ...
Registered in 0.000825 seconds.
Begin MonoManager ReloadAssembly
Native extension for WindowsStandalone target not found
Native extension for WebGL target not found
Refreshing native plugins compatible for Editor in 0.31 ms, found 1 plugins.
Preloading 0 native plugins for Editor in 0.00 ms.
Invoked RoslynAnalysisRunner static constructor.
RoslynAnalysisRunner will not be running.
RoslynAnalysisRunner has terminated.
Mono: successfully reloaded assembly
- Completed reload, in  0.715 seconds
Platform modules already initialized, skipping
Refreshing native plugins compatible for Editor in 0.30 ms, found 1 plugins.
Preloading 0 native plugins for Editor in 0.00 ms.
Unloading 1820 Unused Serialized files (Serialized files now loaded: 0)
System memory in use before: 89.8 MB.
System memory in use after: 89.3 MB.

Unloading 20 unused Assets to reduce memory usage. Loaded Objects now: 2380.
Total: 2.167900 ms (FindLiveObjects: 0.379900 ms CreateObjectMapping: 0.072800 ms MarkObjects: 1.376200 ms  DeleteObjects: 0.338200 ms)

========================================================================
Received Prepare
Registering precompiled user dll's ...
Registered in 0.000813 seconds.
Begin MonoManager ReloadAssembly
Native extension for WindowsStandalone target not found
Native extension for WebGL target not found
Refreshing native plugins compatible for Editor in 0.34 ms, found 1 plugins.
Preloading 0 native plugins for Editor in 0.00 ms.
Invoked RoslynAnalysisRunner static constructor.
RoslynAnalysisRunner will not be running.
RoslynAnalysisRunner has terminated.
Mono: successfully reloaded assembly
- Completed reload, in  0.681 seconds
Platform modules already initialized, skipping
Refreshing native plugins compatible for Editor in 0.30 ms, found 1 plugins.
Preloading 0 native plugins for Editor in 0.00 ms.
Unloading 1820 Unused Serialized files (Serialized files now loaded: 0)
System memory in use before: 89.8 MB.
System memory in use after: 89.3 MB.

Unloading 20 unused Assets to reduce memory usage. Loaded Objects now: 2384.
Total: 2.311300 ms (FindLiveObjects: 0.327000 ms CreateObjectMapping: 0.104200 ms MarkObjects: 1.532700 ms  DeleteObjects: 0.346500 ms)

========================================================================
Received Prepare
Registering precompiled user dll's ...
Registered in 0.000858 seconds.
Begin MonoManager ReloadAssembly
Native extension for WindowsStandalone target not found
Native extension for WebGL target not found
Refreshing native plugins compatible for Editor in 0.34 ms, found 1 plugins.
Preloading 0 native plugins for Editor in 0.00 ms.
Invoked RoslynAnalysisRunner static constructor.
RoslynAnalysisRunner will not be running.
RoslynAnalysisRunner has terminated.
Mono: successfully reloaded assembly
- Completed reload, in  0.706 seconds
Platform modules already initialized, skipping
Refreshing native plugins compatible for Editor in 0.31 ms, found 1 plugins.
Preloading 0 native plugins for Editor in 0.00 ms.
Unloading 1820 Unused Serialized files (Serialized files now loaded: 0)
System memory in use before: 89.8 MB.
System memory in use after: 89.3 MB.

Unloading 20 unused Assets to reduce memory usage. Loaded Objects now: 2388.
Total: 1.711000 ms (FindLiveObjects: 0.172800 ms CreateObjectMapping: 0.060600 ms MarkObjects: 1.221000 ms  DeleteObjects: 0.255900 ms)

========================================================================
Received Import Request.
  Time since last request: 152.094697 seconds.
  path: Assets/Scenes/Tutorial.unity
  artifactKey: Guid(dde7a6fb904f68841858ae50acf528d6) Importer(815301076,1909f56bfc062723c751e8b465ee728b)
Start importing Assets/Scenes/Tutorial.unity using Guid(dde7a6fb904f68841858ae50acf528d6) Importer(815301076,1909f56bfc062723c751e8b465ee728b)  -> (artifact id: '407cdc6211e713ebc7b1ae240d739245') in 0.008329 seconds
  Import took 0.011005 seconds .

========================================================================
Received Import Request.
  Time since last request: 0.001541 seconds.
  path: Assets/Scenes/Tutorial.unity
  artifactKey: Guid(dde7a6fb904f68841858ae50acf528d6) Importer(815301076,1909f56bfc062723c751e8b465ee728b)
Start importing Assets/Scenes/Tutorial.unity using Guid(dde7a6fb904f68841858ae50acf528d6) Importer(815301076,1909f56bfc062723c751e8b465ee728b)  -> (artifact id: '407cdc6211e713ebc7b1ae240d739245') in 0.001891 seconds
  Import took 0.004550 seconds .

========================================================================
Received Prepare
Registering precompiled user dll's ...
Registered in 0.000798 seconds.
Begin MonoManager ReloadAssembly
Native extension for WindowsStandalone target not found
Native extension for WebGL target not found
Refreshing native plugins compatible for Editor in 0.31 ms, found 1 plugins.
Preloading 0 native plugins for Editor in 0.00 ms.
Invoked RoslynAnalysisRunner static constructor.
RoslynAnalysisRunner will not be running.
RoslynAnalysisRunner has terminated.
Mono: successfully reloaded assembly
- Completed reload, in  0.686 seconds
Platform modules already initialized, skipping
Refreshing native plugins compatible for Editor in 0.31 ms, found 1 plugins.
Preloading 0 native plugins for Editor in 0.00 ms.
Unloading 1820 Unused Serialized files (Serialized files now loaded: 0)
System memory in use before: 89.9 MB.
System memory in use after: 89.4 MB.

Unloading 20 unused Assets to reduce memory usage. Loaded Objects now: 2392.
Total: 2.033900 ms (FindLiveObjects: 0.181200 ms CreateObjectMapping: 0.056100 ms MarkObjects: 1.442600 ms  DeleteObjects: 0.353000 ms)

========================================================================
Received Prepare
Registering precompiled user dll's ...
Registered in 0.000853 seconds.
Begin MonoManager ReloadAssembly
Native extension for WindowsStandalone target not found
Native extension for WebGL target not found
Refreshing native plugins compatible for Editor in 0.29 ms, found 1 plugins.
Preloading 0 native plugins for Editor in 0.00 ms.
Invoked RoslynAnalysisRunner static constructor.
RoslynAnalysisRunner will not be running.
RoslynAnalysisRunner has terminated.
Mono: successfully reloaded assembly
- Completed reload, in  0.693 seconds
Platform modules already initialized, skipping
Refreshing native plugins compatible for Editor in 0.31 ms, found 1 plugins.
Preloading 0 native plugins for Editor in 0.00 ms.
Unloading 1820 Unused Serialized files (Serialized files now loaded: 0)
System memory in use before: 89.9 MB.
System memory in use after: 89.4 MB.

Unloading 20 unused Assets to reduce memory usage. Loaded Objects now: 2396.
Total: 2.025400 ms (FindLiveObjects: 0.201100 ms CreateObjectMapping: 0.063800 ms MarkObjects: 1.441800 ms  DeleteObjects: 0.317800 ms)

========================================================================
Received Prepare
Registering precompiled user dll's ...
Registered in 0.000816 seconds.
Begin MonoManager ReloadAssembly
Native extension for WindowsStandalone target not found
Native extension for WebGL target not found
Refreshing native plugins compatible for Editor in 0.31 ms, found 1 plugins.
Preloading 0 native plugins for Editor in 0.00 ms.
Invoked RoslynAnalysisRunner static constructor.
RoslynAnalysisRunner will not be running.
RoslynAnalysisRunner has terminated.
Mono: successfully reloaded assembly
- Completed reload, in  0.688 seconds
Platform modules already initialized, skipping
Refreshing native plugins compatible for Editor in 0.29 ms, found 1 plugins.
Preloading 0 native plugins for Editor in 0.00 ms.
Unloading 1820 Unused Serialized files (Serialized files now loaded: 0)
System memory in use before: 89.9 MB.
System memory in use after: 89.4 MB.

Unloading 20 unused Assets to reduce memory usage. Loaded Objects now: 2400.
Total: 2.107700 ms (FindLiveObjects: 0.198100 ms CreateObjectMapping: 0.060400 ms MarkObjects: 1.574300 ms  DeleteObjects: 0.274100 ms)

========================================================================
Received Import Request.
  Time since last request: 540.797215 seconds.
  path: Assets/Scenes/MainMenu.unity
  artifactKey: Guid(af91bb7fe955dde48b75f8204f2bba38) Importer(815301076,1909f56bfc062723c751e8b465ee728b)
Start importing Assets/Scenes/MainMenu.unity using Guid(af91bb7fe955dde48b75f8204f2bba38) Importer(815301076,1909f56bfc062723c751e8b465ee728b)  -> (artifact id: '55b1610f3f61b758d4d30ea210e16e93') in 0.008816 seconds
  Import took 0.011538 seconds .

========================================================================
Received Import Request.
  Time since last request: 1659.545607 seconds.
  path: Assets/Scenes/LevelOne.unity
  artifactKey: Guid(2cda990e2423bbf4892e6590ba056729) Importer(815301076,1909f56bfc062723c751e8b465ee728b)
Start importing Assets/Scenes/LevelOne.unity using Guid(2cda990e2423bbf4892e6590ba056729) Importer(815301076,1909f56bfc062723c751e8b465ee728b)  -> (artifact id: '7105508c9f27e223cd8da3d57d809600') in 0.003134 seconds
  Import took 0.006545 seconds .

========================================================================
Received Import Request.
  Time since last request: 459.697566 seconds.
  path: Assets/Scenes/LevelOneSettings.lighting
  artifactKey: Guid(20c522c2d334ad44690492af760b80ff) Importer(815301076,1909f56bfc062723c751e8b465ee728b)
Start importing Assets/Scenes/LevelOneSettings.lighting using Guid(20c522c2d334ad44690492af760b80ff) Importer(815301076,1909f56bfc062723c751e8b465ee728b) LightingSettings: switching bake backend from 1 to 0.
 -> (artifact id: '84daf2f59a312b5d9c75bec757cac63c') in 0.003992 seconds
  Import took 0.007006 seconds .

========================================================================
Received Import Request.
  Time since last request: 0.008023 seconds.
  path: Assets/Scenes/LevelOneSettings.lighting
  artifactKey: Guid(20c522c2d334ad44690492af760b80ff) Importer(815301076,1909f56bfc062723c751e8b465ee728b)
Start importing Assets/Scenes/LevelOneSettings.lighting using Guid(20c522c2d334ad44690492af760b80ff) Importer(815301076,1909f56bfc062723c751e8b465ee728b) LightingSettings: switching bake backend from 1 to 0.
 -> (artifact id: '84daf2f59a312b5d9c75bec757cac63c') in 0.002351 seconds
  Import took 0.004924 seconds .

========================================================================
Received Prepare
Registering precompiled user dll's ...
Registered in 0.000943 seconds.
Begin MonoManager ReloadAssembly
Native extension for WindowsStandalone target not found
Native extension for WebGL target not found
Refreshing native plugins compatible for Editor in 0.29 ms, found 1 plugins.
Preloading 0 native plugins for Editor in 0.00 ms.
Invoked RoslynAnalysisRunner static constructor.
RoslynAnalysisRunner will not be running.
RoslynAnalysisRunner has terminated.
Mono: successfully reloaded assembly
- Completed reload, in  0.670 seconds
Platform modules already initialized, skipping
Refreshing native plugins compatible for Editor in 0.30 ms, found 1 plugins.
Preloading 0 native plugins for Editor in 0.00 ms.
Unloading 1820 Unused Serialized files (Serialized files now loaded: 0)
System memory in use before: 89.9 MB.
System memory in use after: 89.4 MB.

Unloading 20 unused Assets to reduce memory usage. Loaded Objects now: 2404.
Total: 2.366700 ms (FindLiveObjects: 0.255000 ms CreateObjectMapping: 0.080800 ms MarkObjects: 1.704100 ms  DeleteObjects: 0.325700 ms)

========================================================================
Received Prepare
Registering precompiled user dll's ...
Registered in 0.002187 seconds.
Begin MonoManager ReloadAssembly
Native extension for WindowsStandalone target not found
Native extension for WebGL target not found
Refreshing native plugins compatible for Editor in 0.30 ms, found 1 plugins.
Preloading 0 native plugins for Editor in 0.00 ms.
Invoked RoslynAnalysisRunner static constructor.
RoslynAnalysisRunner will not be running.
RoslynAnalysisRunner has terminated.
Mono: successfully reloaded assembly
- Completed reload, in  0.747 seconds
Platform modules already initialized, skipping
Refreshing native plugins compatible for Editor in 0.30 ms, found 1 plugins.
Preloading 0 native plugins for Editor in 0.00 ms.
Unloading 1820 Unused Serialized files (Serialized files now loaded: 0)
System memory in use before: 89.9 MB.
System memory in use after: 89.4 MB.

Unloading 20 unused Assets to reduce memory usage. Loaded Objects now: 2408.
Total: 2.241200 ms (FindLiveObjects: 0.268200 ms CreateObjectMapping: 0.074800 ms MarkObjects: 1.567300 ms  DeleteObjects: 0.330100 ms)

========================================================================
Received Import Request.
  Time since last request: 54.410673 seconds.
  path: Assets/Scripts/WinState.cs
  artifactKey: Guid(44c08383ae6abbf46832c027dbc08473) Importer(815301076,1909f56bfc062723c751e8b465ee728b)
Start importing Assets/Scripts/WinState.cs using Guid(44c08383ae6abbf46832c027dbc08473) Importer(815301076,1909f56bfc062723c751e8b465ee728b)  -> (artifact id: 'ebd0339ae2fd981dc55916d6059b0bfd') in 0.004663 seconds
  Import took 0.007092 seconds .

========================================================================
Received Prepare
Registering precompiled user dll's ...
Registered in 0.001291 seconds.
Begin MonoManager ReloadAssembly
Native extension for WindowsStandalone target not found
Native extension for WebGL target not found
Refreshing native plugins compatible for Editor in 0.30 ms, found 1 plugins.
Preloading 0 native plugins for Editor in 0.00 ms.
Invoked RoslynAnalysisRunner static constructor.
RoslynAnalysisRunner will not be running.
RoslynAnalysisRunner has terminated.
Mono: successfully reloaded assembly
- Completed reload, in  0.715 seconds
Platform modules already initialized, skipping
Refreshing native plugins compatible for Editor in 0.29 ms, found 1 plugins.
Preloading 0 native plugins for Editor in 0.00 ms.
Unloading 1820 Unused Serialized files (Serialized files now loaded: 0)
System memory in use before: 89.9 MB.
System memory in use after: 89.4 MB.

Unloading 20 unused Assets to reduce memory usage. Loaded Objects now: 2412.
Total: 2.053000 ms (FindLiveObjects: 0.265500 ms CreateObjectMapping: 0.088500 ms MarkObjects: 1.429000 ms  DeleteObjects: 0.269100 ms)

========================================================================
Received Import Request.
  Time since last request: 24.073482 seconds.
  path: Assets/Testing/Test_Win.cs
  artifactKey: Guid(bd3585235788be84caecaf559d9be6cf) Importer(815301076,1909f56bfc062723c751e8b465ee728b)
Start importing Assets/Testing/Test_Win.cs using Guid(bd3585235788be84caecaf559d9be6cf) Importer(815301076,1909f56bfc062723c751e8b465ee728b)  -> (artifact id: '202831959bc7d908852061f82becff2a') in 0.003657 seconds
  Import took 0.005925 seconds .

========================================================================
Received Prepare
Registering precompiled user dll's ...
Registered in 0.001240 seconds.
Begin MonoManager ReloadAssembly
Native extension for WindowsStandalone target not found
Native extension for WebGL target not found
Refreshing native plugins compatible for Editor in 0.29 ms, found 1 plugins.
Preloading 0 native plugins for Editor in 0.00 ms.
Invoked RoslynAnalysisRunner static constructor.
RoslynAnalysisRunner will not be running.
RoslynAnalysisRunner has terminated.
Mono: successfully reloaded assembly
- Completed reload, in  0.700 seconds
Platform modules already initialized, skipping
Refreshing native plugins compatible for Editor in 0.30 ms, found 1 plugins.
Preloading 0 native plugins for Editor in 0.00 ms.
Unloading 1820 Unused Serialized files (Serialized files now loaded: 0)
System memory in use before: 89.9 MB.
System memory in use after: 89.4 MB.

Unloading 20 unused Assets to reduce memory usage. Loaded Objects now: 2416.
Total: 2.651600 ms (FindLiveObjects: 0.419800 ms CreateObjectMapping: 0.213000 ms MarkObjects: 1.665700 ms  DeleteObjects: 0.352100 ms)

========================================================================
Received Import Request.
  Time since last request: 17.023110 seconds.
  path: Assets/Scripts/UpgradePlayer.cs
  artifactKey: Guid(8cc92079249ea354aaf917dfcacbe007) Importer(815301076,1909f56bfc062723c751e8b465ee728b)
Start importing Assets/Scripts/UpgradePlayer.cs using Guid(8cc92079249ea354aaf917dfcacbe007) Importer(815301076,1909f56bfc062723c751e8b465ee728b)  -> (artifact id: '95f267aa4043c9a42d82a973ce5e7e30') in 0.003990 seconds
  Import took 0.006450 seconds .

